Unity Editor version:    2020.3.27f1 (e759542391ea)
Branch:                  2020.3/release
Build type:              Release
Batch mode:              YES
macOS version:           Version 11.7.7 (Build 20G1345)
Darwin version:          20.6.0
Architecture:            x86_64
Running under Rosetta:   NO
Available memory:        16384 MB
Using pre-set license
Pro License: NO

COMMAND LINE ARGUMENTS:
/Applications/2020.3.27f1/Unity.app/Contents/MacOS/Unity
-adb2
-batchMode
-noUpm
-name
AssetImportWorker0
-projectPath
/Users/game1/Desktop/Ruby's Adventure 2D
-logFile
Logs/AssetImportWorker0.log
-srvPort
56458
Successfully changed project path to: /Users/game1/Desktop/Ruby's Adventure 2D
Could not lock editor preferences. Preferences updates for this instance of Unity will not be saved./Users/game1/Desktop/Ruby's Adventure 2D
Using Asset Import Pipeline V2.
Refreshing native plugins compatible for Editor in 34.91 ms, found 3 plugins.
Preloading 0 native plugins for Editor in 0.00 ms.
Initialize engine version: 2020.3.27f1 (e759542391ea)
[Subsystems] Discovering subsystems at path /Applications/2020.3.27f1/Unity.app/Contents/Resources/UnitySubsystems
[Subsystems] Discovering subsystems at path /Users/game1/Desktop/Ruby's Adventure 2D/Assets
GfxDevice: creating device client; threaded=0
2023-10-20 09:00:22.497 Unity[9618:292248] iMac preferred device: AMD Radeon Pro 5500 XT (high power)
2023-10-20 09:00:22.497 Unity[9618:292248] Metal devices available: 1
2023-10-20 09:00:22.497 Unity[9618:292248] 0: AMD Radeon Pro 5500 XT (high power)
2023-10-20 09:00:22.497 Unity[9618:292248] Using device AMD Radeon Pro 5500 XT (high power)
Initializing Metal device caps: AMD Radeon Pro 5500 XT
Initialize mono
Mono path[0] = '/Applications/2020.3.27f1/Unity.app/Contents/Managed'
Mono path[1] = '/Applications/2020.3.27f1/Unity.app/Contents/MonoBleedingEdge/lib/mono/unityjit'
Mono config path = '/Applications/2020.3.27f1/Unity.app/Contents/MonoBleedingEdge/etc'
Using monoOptions --debugger-agent=transport=dt_socket,embedding=1,server=y,suspend=n,address=127.0.0.1:56618
Begin MonoManager ReloadAssembly
Registering precompiled unity dll's ...
Register platform support module: /Applications/2020.3.27f1/Unity.app/Contents/PlaybackEngines/MacStandaloneSupport/UnityEditor.OSXStandalone.Extensions.dll
Registered in 0.000465 seconds.
Native extension for OSXStandalone target not found
Refreshing native plugins compatible for Editor in 35.24 ms, found 3 plugins.
Preloading 0 native plugins for Editor in 0.00 ms.
Mono: successfully reloaded assembly
- Completed reload, in  0.532 seconds
Domain Reload Profiling:
	ReloadAssembly (532ms)
		BeginReloadAssembly (38ms)
			ExecutionOrderSort (0ms)
			DisableScriptedObjects (0ms)
			BackupInstance (0ms)
			ReleaseScriptingObjects (0ms)
			CreateAndSetChildDomain (1ms)
		EndReloadAssembly (428ms)
			LoadAssemblies (37ms)
			RebuildTransferFunctionScriptingTraits (0ms)
			SetupTypeCache (158ms)
			ReleaseScriptCaches (0ms)
			RebuildScriptCaches (33ms)
			SetupLoadedEditorAssemblies (163ms)
				LogAssemblyErrors (0ms)
				InitializePlatformSupportModulesInManaged (4ms)
				SetLoadedEditorAssemblies (0ms)
				RefreshPlugins (35ms)
				BeforeProcessingInitializeOnLoad (7ms)
				ProcessInitializeOnLoadAttributes (91ms)
				ProcessInitializeOnLoadMethodAttributes (26ms)
				AfterProcessingInitializeOnLoad (0ms)
				EditorAssembliesLoaded (0ms)
			ExecutionOrderSort2 (0ms)
			AwakeInstancesAfterBackupRestoration (0ms)
Platform modules already initialized, skipping
Registering precompiled user dll's ...
Registered in 0.003632 seconds.
Begin MonoManager ReloadAssembly
Native extension for OSXStandalone target not found
Refreshing native plugins compatible for Editor in 34.40 ms, found 3 plugins.
Preloading 0 native plugins for Editor in 0.00 ms.
Mono: successfully reloaded assembly
- Completed reload, in  1.043 seconds
Domain Reload Profiling:
	ReloadAssembly (1044ms)
		BeginReloadAssembly (137ms)
			ExecutionOrderSort (0ms)
			DisableScriptedObjects (4ms)
			BackupInstance (0ms)
			ReleaseScriptingObjects (0ms)
			CreateAndSetChildDomain (25ms)
		EndReloadAssembly (850ms)
			LoadAssemblies (92ms)
			RebuildTransferFunctionScriptingTraits (0ms)
			SetupTypeCache (306ms)
			ReleaseScriptCaches (0ms)
			RebuildScriptCaches (49ms)
			SetupLoadedEditorAssemblies (290ms)
				LogAssemblyErrors (0ms)
				InitializePlatformSupportModulesInManaged (3ms)
				SetLoadedEditorAssemblies (0ms)
				RefreshPlugins (34ms)
				BeforeProcessingInitializeOnLoad (50ms)
				ProcessInitializeOnLoadAttributes (186ms)
				ProcessInitializeOnLoadMethodAttributes (15ms)
				AfterProcessingInitializeOnLoad (1ms)
				EditorAssembliesLoaded (0ms)
			ExecutionOrderSort2 (0ms)
			AwakeInstancesAfterBackupRestoration (6ms)
Platform modules already initialized, skipping
Validating Project structure ... 0.003478 seconds.
Shader import version has changed; will reimport all shaders...
Upgrading shader files ...0.002402 seconds.
Application.AssetDatabase Initial Script Refresh Start
RefreshInfo: InitialScriptRefreshV2(NoUpdateAssetOptions) scanfilter:  ... 1 filters
RefreshProfiler: Total: 0.000ms
Application.AssetDatabase Initial Script Refresh End
Application.AssetDatabase.Refresh Start
Application.AssetDatabase.Refresh End
RefreshInfo: StopAssetImportingV2(ForceSynchronousImport) scanfilter: 
RefreshProfiler: Total: 0.000ms
Launching external process: /Applications/2020.3.27f1/Unity.app/Contents/Tools/UnityShaderCompiler
Launched and connected shader compiler UnityShaderCompiler after 0.01 seconds
Initializing Unity extensions:
========================================================================
Worker process is ready to serve import requests
Refreshing native plugins compatible for Editor in 0.28 ms, found 3 plugins.
Preloading 0 native plugins for Editor in 0.00 ms.
Unloading 2199 Unused Serialized files (Serialized files now loaded: 0)
System memory in use before: 212.4 MB.
System memory in use after: 211.5 MB.

Unloading 108 unused Assets to reduce memory usage. Loaded Objects now: 2667.
Total: 2.754356 ms (FindLiveObjects: 0.148306 ms CreateObjectMapping: 0.070751 ms MarkObjects: 2.105470 ms  DeleteObjects: 0.429144 ms)

AssetImportParameters requested are different than current active one (requested -> active):
  custom:video-decoder-ogg-theora: a1e56fd34408186e4bbccfd4996cb3dc -> 
  custom:container-muxer-webm: aa71ff27fc2769a1b78a27578f13a17b -> 
  custom:container-demuxer-webm: 4f35f7cbe854078d1ac9338744f61a02 -> 
  custom:container-demuxer-ogg: 62fdf1f143b41e24485cea50d1cbac27 -> 
  custom:video-encoder-webm-vp8: eb34c28f22e8b96e1ab97ce403110664 -> 
  custom:framework-osx-AVFoundation: e770b220cccbd017edd2c1fefb359320 -> 
  custom:video-decoder-webm-vp8: 9c59270c3fd7afecdb556c50c9e8de78 -> 
  custom:audio-decoder-ogg-vorbis: bf7c407c2cedff20999df2af8eb42d56 -> 
  custom:audio-encoder-webm-vorbis: bf7c407c2cedff20999df2af8eb42d56 -> 
========================================================================
Received Import Request.
  path: Assets/Prefabs/MetalCube.prefab
  artifactKey: Guid(49ac2bb613d1f43f2bec644002b92056) Importer(815301076,1909f56bfc062723c751e8b465ee728b)
Start importing Assets/Prefabs/MetalCube.prefab using Guid(49ac2bb613d1f43f2bec644002b92056) Importer(815301076,1909f56bfc062723c751e8b465ee728b)  -> (artifact id: '48352f4528004d527a0772841fc0d4ce') in 0.887796 seconds 
  Import took 0.893426 seconds .

========================================================================
Received Import Request.
  Time since last request: 22.745491 seconds.
  path: Assets/Art/Tiles/FloorBricksToGrassSquare_0.asset
  artifactKey: Guid(413c4a38f0ac946969dc95d8552f45dc) Importer(815301076,1909f56bfc062723c751e8b465ee728b)
Start importing Assets/Art/Tiles/FloorBricksToGrassSquare_0.asset using Guid(413c4a38f0ac946969dc95d8552f45dc) Importer(815301076,1909f56bfc062723c751e8b465ee728b)  -> (artifact id: '1501ab16277a15b4df4c3535e72f0fbb') in 0.249668 seconds 
  Import took 0.255832 seconds .

========================================================================
Received Import Request.
  Time since last request: 0.000265 seconds.
  path: Assets/Art/Tiles/FloorWaterRoundCorners_1.asset
  artifactKey: Guid(eba5d84a67a7d40c5989d975c4340b33) Importer(815301076,1909f56bfc062723c751e8b465ee728b)
Start importing Assets/Art/Tiles/FloorWaterRoundCorners_1.asset using Guid(eba5d84a67a7d40c5989d975c4340b33) Importer(815301076,1909f56bfc062723c751e8b465ee728b)  -> (artifact id: '88bac3a71c1bccdca73487b7568532e8') in 0.005875 seconds 
  Import took 0.009461 seconds .

========================================================================
Received Import Request.
  Time since last request: 0.000152 seconds.
  path: Assets/Art/Tiles/FloorBricksToGrassSquare_7.asset
  artifactKey: Guid(ec26052cad8fd494cbafe6e3b1220064) Importer(815301076,1909f56bfc062723c751e8b465ee728b)
Start importing Assets/Art/Tiles/FloorBricksToGrassSquare_7.asset using Guid(ec26052cad8fd494cbafe6e3b1220064) Importer(815301076,1909f56bfc062723c751e8b465ee728b)  -> (artifact id: '26552501435e0a6e0287b0a332f2635c') in 0.004941 seconds 
  Import took 0.007934 seconds .

========================================================================
Received Import Request.
  Time since last request: 0.000137 seconds.
  path: Assets/Art/Tiles/FloorBricksToGrassSquare_8.asset
  artifactKey: Guid(02bbdab201bc64d749b1a1d63ba92877) Importer(815301076,1909f56bfc062723c751e8b465ee728b)
Start importing Assets/Art/Tiles/FloorBricksToGrassSquare_8.asset using Guid(02bbdab201bc64d749b1a1d63ba92877) Importer(815301076,1909f56bfc062723c751e8b465ee728b)  -> (artifact id: 'e2a44518fa4c1e4422e8af2f827665ac') in 0.004769 seconds 
  Import took 0.007736 seconds .

========================================================================
Received Import Request.
  Time since last request: 0.000201 seconds.
  path: Assets/Art/Tiles/FloorBricksToGrassSquare_5.asset
  artifactKey: Guid(b53753035d66046d29215bd17b7ed132) Importer(815301076,1909f56bfc062723c751e8b465ee728b)
Start importing Assets/Art/Tiles/FloorBricksToGrassSquare_5.asset using Guid(b53753035d66046d29215bd17b7ed132) Importer(815301076,1909f56bfc062723c751e8b465ee728b)  -> (artifact id: '70df13ff6a41eccbe9fe45ffae3d5ddd') in 0.005361 seconds 
  Import took 0.008406 seconds .

========================================================================
Received Import Request.
  Time since last request: 0.000127 seconds.
  path: Assets/Art/Tiles/FloorWaterSquareCorners_2.asset
  artifactKey: Guid(adb964f5ae65c4957a8e44a759ec696c) Importer(815301076,1909f56bfc062723c751e8b465ee728b)
Start importing Assets/Art/Tiles/FloorWaterSquareCorners_2.asset using Guid(adb964f5ae65c4957a8e44a759ec696c) Importer(815301076,1909f56bfc062723c751e8b465ee728b)  -> (artifact id: '4acced895a3fced55766a59b54788231') in 0.005496 seconds 
  Import took 0.008028 seconds .

========================================================================
Received Import Request.
  Time since last request: 0.000150 seconds.
  path: Assets/Art/Tiles/FloorWaterSquareCorners_1.asset
  artifactKey: Guid(a2b97791f5a2a42a4a089571f072d8b3) Importer(815301076,1909f56bfc062723c751e8b465ee728b)
Start importing Assets/Art/Tiles/FloorWaterSquareCorners_1.asset using Guid(a2b97791f5a2a42a4a089571f072d8b3) Importer(815301076,1909f56bfc062723c751e8b465ee728b)  -> (artifact id: 'dcb40f2bfef58f9976dc5707c79d4ecd') in 0.004681 seconds 
  Import took 0.007214 seconds .

========================================================================
Received Import Request.
  Time since last request: 0.000118 seconds.
  path: Assets/Art/Tiles/FloorWaterSquareCorners_7.asset
  artifactKey: Guid(d6ed017db9c854065bca3b9ce19f6a4b) Importer(815301076,1909f56bfc062723c751e8b465ee728b)
Start importing Assets/Art/Tiles/FloorWaterSquareCorners_7.asset using Guid(d6ed017db9c854065bca3b9ce19f6a4b) Importer(815301076,1909f56bfc062723c751e8b465ee728b)  -> (artifact id: 'a2c003a4367a1312677eea7bd4f14aa8') in 0.004606 seconds 
  Import took 0.007178 seconds .

========================================================================
Received Import Request.
  Time since last request: 0.000178 seconds.
  path: Assets/Art/Tiles/FloorWaterSquareCorners_6.asset
  artifactKey: Guid(ad41706fb44ad44b59cdbdfed2a5ebdc) Importer(815301076,1909f56bfc062723c751e8b465ee728b)
Start importing Assets/Art/Tiles/FloorWaterSquareCorners_6.asset using Guid(ad41706fb44ad44b59cdbdfed2a5ebdc) Importer(815301076,1909f56bfc062723c751e8b465ee728b)  -> (artifact id: '33d7c9c35aaa8b0698cc76d64f5e94ce') in 0.005056 seconds 
  Import took 0.007923 seconds .

========================================================================
Received Import Request.
  Time since last request: 0.000138 seconds.
  path: Assets/Art/Tiles/FloorBricksToGrassSquare_3.asset
  artifactKey: Guid(0d23aa45634764c65b992e2129ddc426) Importer(815301076,1909f56bfc062723c751e8b465ee728b)
Start importing Assets/Art/Tiles/FloorBricksToGrassSquare_3.asset using Guid(0d23aa45634764c65b992e2129ddc426) Importer(815301076,1909f56bfc062723c751e8b465ee728b)  -> (artifact id: '1f4aae40980323f159b23159325e0483') in 0.004851 seconds 
  Import took 0.007684 seconds .

========================================================================
Received Import Request.
  Time since last request: 0.000163 seconds.
  path: Assets/Art/Tiles/FloorWaterSquareCorners_3.asset
  artifactKey: Guid(2729b8f5acf2e414b9ca72208cfb062e) Importer(815301076,1909f56bfc062723c751e8b465ee728b)
Start importing Assets/Art/Tiles/FloorWaterSquareCorners_3.asset using Guid(2729b8f5acf2e414b9ca72208cfb062e) Importer(815301076,1909f56bfc062723c751e8b465ee728b)  -> (artifact id: 'df2354ff4148f38acdbad264b7302d57') in 0.004771 seconds 
  Import took 0.007793 seconds .

========================================================================
Received Import Request.
  Time since last request: 0.000215 seconds.
  path: Assets/Art/Tiles/FloorGrassToBricksCorner_8.asset
  artifactKey: Guid(ac8a65873a3be41a398fa40f4cf961e6) Importer(815301076,1909f56bfc062723c751e8b465ee728b)
Start importing Assets/Art/Tiles/FloorGrassToBricksCorner_8.asset using Guid(ac8a65873a3be41a398fa40f4cf961e6) Importer(815301076,1909f56bfc062723c751e8b465ee728b)  -> (artifact id: '0dbb5283e7925e6785da163e6c7362fc') in 0.005081 seconds 
  Import took 0.008437 seconds .

========================================================================
Received Import Request.
  Time since last request: 0.000186 seconds.
  path: Assets/Art/Tiles/FloorBricksToGrassSquare_1.asset
  artifactKey: Guid(d59599001dbdd42be803ea8c3b3d03b8) Importer(815301076,1909f56bfc062723c751e8b465ee728b)
Start importing Assets/Art/Tiles/FloorBricksToGrassSquare_1.asset using Guid(d59599001dbdd42be803ea8c3b3d03b8) Importer(815301076,1909f56bfc062723c751e8b465ee728b)  -> (artifact id: '02410f5e7e87fdadeb180cb5528ce8dc') in 0.008301 seconds 
  Import took 0.011083 seconds .

========================================================================
Received Import Request.
  Time since last request: 0.000134 seconds.
  path: Assets/Art/Tiles/FloorGrassToBricksCorner_2.asset
  artifactKey: Guid(34baac2ff74024bb0a6dabcb9714baeb) Importer(815301076,1909f56bfc062723c751e8b465ee728b)
Start importing Assets/Art/Tiles/FloorGrassToBricksCorner_2.asset using Guid(34baac2ff74024bb0a6dabcb9714baeb) Importer(815301076,1909f56bfc062723c751e8b465ee728b)  -> (artifact id: '7b88fd980451515dcb6290790fc69c0c') in 0.005096 seconds 
  Import took 0.008347 seconds .

========================================================================
Received Import Request.
  Time since last request: 0.000151 seconds.
  path: Assets/Art/Tiles/FloorGrassToBricksSquare_8.asset
  artifactKey: Guid(d96d43dfc0e494a8980ee615e2d5e94e) Importer(815301076,1909f56bfc062723c751e8b465ee728b)
Start importing Assets/Art/Tiles/FloorGrassToBricksSquare_8.asset using Guid(d96d43dfc0e494a8980ee615e2d5e94e) Importer(815301076,1909f56bfc062723c751e8b465ee728b)  -> (artifact id: '87f932e5de04d3bb95de8031f475e9a1') in 0.005654 seconds 
  Import took 0.008179 seconds .

========================================================================
Received Import Request.
  Time since last request: 0.000141 seconds.
  path: Assets/Art/Tiles/FloorGrassToBricksCorner_1.asset
  artifactKey: Guid(153cea9fe3bed4a079130149ba26d4c4) Importer(815301076,1909f56bfc062723c751e8b465ee728b)
Start importing Assets/Art/Tiles/FloorGrassToBricksCorner_1.asset using Guid(153cea9fe3bed4a079130149ba26d4c4) Importer(815301076,1909f56bfc062723c751e8b465ee728b)  -> (artifact id: '5e5ab8f9144e5acae59de5f483576336') in 0.006283 seconds 
  Import took 0.009272 seconds .

========================================================================
Received Import Request.
  Time since last request: 0.000164 seconds.
  path: Assets/Art/Tiles/FloorGrassToBricksSquare_0.asset
  artifactKey: Guid(54e6fc6eec2ae4e8c97773519e8fa002) Importer(815301076,1909f56bfc062723c751e8b465ee728b)
Start importing Assets/Art/Tiles/FloorGrassToBricksSquare_0.asset using Guid(54e6fc6eec2ae4e8c97773519e8fa002) Importer(815301076,1909f56bfc062723c751e8b465ee728b)  -> (artifact id: '6692911528a98e3853cb79a99bce2cc8') in 0.005480 seconds 
  Import took 0.008298 seconds .

========================================================================
Received Import Request.
  Time since last request: 0.000133 seconds.
  path: Assets/Art/Tiles/FloorWaterRoundCorners_7.asset
  artifactKey: Guid(c1ecb14d7bcd94e9c9ae7ad8fcb29ca1) Importer(815301076,1909f56bfc062723c751e8b465ee728b)
Start importing Assets/Art/Tiles/FloorWaterRoundCorners_7.asset using Guid(c1ecb14d7bcd94e9c9ae7ad8fcb29ca1) Importer(815301076,1909f56bfc062723c751e8b465ee728b)  -> (artifact id: 'e4fb2aac4985b00e65d97c17698c5577') in 0.005191 seconds 
  Import took 0.008063 seconds .

========================================================================
Received Import Request.
  Time since last request: 0.000211 seconds.
  path: Assets/Art/Tiles/FloorGrassToBricksCorner_5.asset
  artifactKey: Guid(a4922c11b4e1a41d090584d487e0cd87) Importer(815301076,1909f56bfc062723c751e8b465ee728b)
Start importing Assets/Art/Tiles/FloorGrassToBricksCorner_5.asset using Guid(a4922c11b4e1a41d090584d487e0cd87) Importer(815301076,1909f56bfc062723c751e8b465ee728b)  -> (artifact id: 'f11548f916597102f82eef0bd03b9739') in 0.004895 seconds 
  Import took 0.007699 seconds .

========================================================================
Received Import Request.
  Time since last request: 0.000147 seconds.
  path: Assets/Art/Tiles/FloorGrassToBricksSquare_4.asset
  artifactKey: Guid(6905196ad8bf44b639a255340f36320c) Importer(815301076,1909f56bfc062723c751e8b465ee728b)
Start importing Assets/Art/Tiles/FloorGrassToBricksSquare_4.asset using Guid(6905196ad8bf44b639a255340f36320c) Importer(815301076,1909f56bfc062723c751e8b465ee728b)  -> (artifact id: 'cfd4178d4d75d89659b83a9f572aaec9') in 0.007931 seconds 
  Import took 0.010794 seconds .

========================================================================
Received Import Request.
  Time since last request: 0.000188 seconds.
  path: Assets/Art/Tiles/FloorWaterSquareCorners_5.asset
  artifactKey: Guid(b04fa630cb2a64f5c891af4bd72fdea2) Importer(815301076,1909f56bfc062723c751e8b465ee728b)
Start importing Assets/Art/Tiles/FloorWaterSquareCorners_5.asset using Guid(b04fa630cb2a64f5c891af4bd72fdea2) Importer(815301076,1909f56bfc062723c751e8b465ee728b)  -> (artifact id: '5d487042563e0c2b02d7610c423a260f') in 0.006958 seconds 
  Import took 0.010033 seconds .

========================================================================
Received Import Request.
  Time since last request: 0.000158 seconds.
  path: Assets/Art/Sprites/VFX/CogBullet.png
  artifactKey: Guid(c3bae526786f11046bdd2a781392a458) Importer(815301076,1909f56bfc062723c751e8b465ee728b)
Start importing Assets/Art/Sprites/VFX/CogBullet.png using Guid(c3bae526786f11046bdd2a781392a458) Importer(815301076,1909f56bfc062723c751e8b465ee728b)  -> (artifact id: 'd94585f471bee741b5b3dd5bbb5805fa') in 0.703061 seconds 
  Import took 0.708486 seconds .

========================================================================
Received Import Request.
  Time since last request: 0.000228 seconds.
  path: Assets/Art/Sprites/VFX/Shadow.png
  artifactKey: Guid(2473a1005c3459b479fdb52a47447363) Importer(815301076,1909f56bfc062723c751e8b465ee728b)
Start importing Assets/Art/Sprites/VFX/Shadow.png using Guid(2473a1005c3459b479fdb52a47447363) Importer(815301076,1909f56bfc062723c751e8b465ee728b)  -> (artifact id: '46e96a75a83e987a782543fd9b0be177') in 0.012345 seconds 
  Import took 0.016171 seconds .

========================================================================
Received Import Request.
  Time since last request: 0.000183 seconds.
  path: Assets/Art/Tiles/FloorGrassToBricksCorner_6.asset
  artifactKey: Guid(89313841d969146b78a20d9df2b7a6f2) Importer(815301076,1909f56bfc062723c751e8b465ee728b)
Start importing Assets/Art/Tiles/FloorGrassToBricksCorner_6.asset using Guid(89313841d969146b78a20d9df2b7a6f2) Importer(815301076,1909f56bfc062723c751e8b465ee728b)  -> (artifact id: '726596a9a61f46807925cd108fbc9db1') in 0.008843 seconds 
  Import took 0.013467 seconds .

========================================================================
Received Import Request.
  Time since last request: 0.000202 seconds.
  path: Assets/Art/Tiles/FloorGrassToBricksSquare_1.asset
  artifactKey: Guid(63ed476eb5da24a94bc9982d6d001691) Importer(815301076,1909f56bfc062723c751e8b465ee728b)
Start importing Assets/Art/Tiles/FloorGrassToBricksSquare_1.asset using Guid(63ed476eb5da24a94bc9982d6d001691) Importer(815301076,1909f56bfc062723c751e8b465ee728b)  -> (artifact id: '8911a740f3b48a315455d5a199cc5d3f') in 0.015566 seconds 
  Import took 0.019516 seconds .

========================================================================
Received Import Request.
  Time since last request: 0.000265 seconds.
  path: Assets/Art/Tiles/FloorWaterSquareCorners_0.asset
  artifactKey: Guid(7740e4b726e2c43c58fdea7ce04251cf) Importer(815301076,1909f56bfc062723c751e8b465ee728b)
Start importing Assets/Art/Tiles/FloorWaterSquareCorners_0.asset using Guid(7740e4b726e2c43c58fdea7ce04251cf) Importer(815301076,1909f56bfc062723c751e8b465ee728b)  -> (artifact id: 'b1c52166abf89281b23e41d0bc9e3157') in 0.007843 seconds 
  Import took 0.012567 seconds .

========================================================================
Received Import Request.
  Time since last request: 0.000178 seconds.
  path: Assets/Art/Tiles/FloorGrassToBricksCorner_3.asset
  artifactKey: Guid(df664ca0eb1a6424bbf050490a8d11c4) Importer(815301076,1909f56bfc062723c751e8b465ee728b)
Start importing Assets/Art/Tiles/FloorGrassToBricksCorner_3.asset using Guid(df664ca0eb1a6424bbf050490a8d11c4) Importer(815301076,1909f56bfc062723c751e8b465ee728b)  -> (artifact id: 'abc7b6c76026a1f318c23a22d6b94e9a') in 0.006492 seconds 
  Import took 0.009891 seconds .

========================================================================
Received Import Request.
  Time since last request: 0.000148 seconds.
  path: Assets/Art/Tiles/FloorWaterRoundCorners_0.asset
  artifactKey: Guid(454480c6a689343468a23d23318d326a) Importer(815301076,1909f56bfc062723c751e8b465ee728b)
Start importing Assets/Art/Tiles/FloorWaterRoundCorners_0.asset using Guid(454480c6a689343468a23d23318d326a) Importer(815301076,1909f56bfc062723c751e8b465ee728b)  -> (artifact id: '0753de85b1362bd3c23db1faa538706a') in 0.006464 seconds 
  Import took 0.009274 seconds .

========================================================================
Received Import Request.
  Time since last request: 0.000151 seconds.
  path: Assets/Art/Sprites/VFX/CollectibleAmmo.png
  artifactKey: Guid(d5ac0d76f419eaf4b88095579ba3ab35) Importer(815301076,1909f56bfc062723c751e8b465ee728b)
Start importing Assets/Art/Sprites/VFX/CollectibleAmmo.png using Guid(d5ac0d76f419eaf4b88095579ba3ab35) Importer(815301076,1909f56bfc062723c751e8b465ee728b)  -> (artifact id: '4ed1a9e42e5852d47fe6da05fb5d0ef6') in 0.012122 seconds 
  Import took 0.015098 seconds .

========================================================================
Received Import Request.
  Time since last request: 0.000133 seconds.
  path: Assets/Art/Tiles/FloorWaterRoundCorners_5.asset
  artifactKey: Guid(4f12e124405a54f599ae359e64c9144b) Importer(815301076,1909f56bfc062723c751e8b465ee728b)
Start importing Assets/Art/Tiles/FloorWaterRoundCorners_5.asset using Guid(4f12e124405a54f599ae359e64c9144b) Importer(815301076,1909f56bfc062723c751e8b465ee728b)  -> (artifact id: 'dfbc17f2f9254d78b1436cdcc8b7d45c') in 0.006642 seconds 
  Import took 0.009454 seconds .

========================================================================
Received Import Request.
  Time since last request: 0.000163 seconds.
  path: Assets/Art/Tiles/FloorBricksToGrassSquare_4.asset
  artifactKey: Guid(4eeafd04a5cb3423b995bf610a4978c0) Importer(815301076,1909f56bfc062723c751e8b465ee728b)
Start importing Assets/Art/Tiles/FloorBricksToGrassSquare_4.asset using Guid(4eeafd04a5cb3423b995bf610a4978c0) Importer(815301076,1909f56bfc062723c751e8b465ee728b)  -> (artifact id: 'e8cccee9d673d18bcf0e215dd5b9ce64') in 0.006117 seconds 
  Import took 0.009149 seconds .

========================================================================
Received Import Request.
  Time since last request: 0.000157 seconds.
  path: Assets/Art/Tiles/FloorWaterRoundCorners_4.asset
  artifactKey: Guid(06f16d10afc394cce93f58176a728c8d) Importer(815301076,1909f56bfc062723c751e8b465ee728b)
Start importing Assets/Art/Tiles/FloorWaterRoundCorners_4.asset using Guid(06f16d10afc394cce93f58176a728c8d) Importer(815301076,1909f56bfc062723c751e8b465ee728b)  -> (artifact id: '185cb713542c73ed88f2cdfa5d4ac6ee') in 0.007449 seconds 
  Import took 0.010479 seconds .

========================================================================
Received Import Request.
  Time since last request: 0.000152 seconds.
  path: Assets/Art/Sprites/VFX/CollectibleHealth.png
  artifactKey: Guid(00e89d1057578a342b22583144a5ee03) Importer(815301076,1909f56bfc062723c751e8b465ee728b)
Start importing Assets/Art/Sprites/VFX/CollectibleHealth.png using Guid(00e89d1057578a342b22583144a5ee03) Importer(815301076,1909f56bfc062723c751e8b465ee728b)  -> (artifact id: '99ac054501982fecc6c646a546093a61') in 0.011313 seconds 
  Import took 0.014549 seconds .

========================================================================
Received Import Request.
  Time since last request: 0.000148 seconds.
  path: Assets/Art/Tiles/FloorWaterRoundCorners_6.asset
  artifactKey: Guid(2807adfdce819432e9f02e524be12cb0) Importer(815301076,1909f56bfc062723c751e8b465ee728b)
Start importing Assets/Art/Tiles/FloorWaterRoundCorners_6.asset using Guid(2807adfdce819432e9f02e524be12cb0) Importer(815301076,1909f56bfc062723c751e8b465ee728b)  -> (artifact id: '47b637faa13317ed7cf6d0cc50bfaba8') in 0.006296 seconds 
  Import took 0.009093 seconds .

========================================================================
Received Import Request.
  Time since last request: 0.000139 seconds.
  path: Assets/Art/Tiles/FloorGrassToBricksCorner_4.asset
  artifactKey: Guid(bb9cdb6d4620543ed9928cd8774e5ffb) Importer(815301076,1909f56bfc062723c751e8b465ee728b)
Start importing Assets/Art/Tiles/FloorGrassToBricksCorner_4.asset using Guid(bb9cdb6d4620543ed9928cd8774e5ffb) Importer(815301076,1909f56bfc062723c751e8b465ee728b)  -> (artifact id: '6d3822fdf52e3b30373d584231ceca5c') in 0.007046 seconds 
  Import took 0.009910 seconds .

========================================================================
Received Import Request.
  Time since last request: 0.000151 seconds.
  path: Assets/Art/Tiles/FloorWaterRoundCorners_3.asset
  artifactKey: Guid(a985c9c12fb554dd29715935ecde2154) Importer(815301076,1909f56bfc062723c751e8b465ee728b)
Start importing Assets/Art/Tiles/FloorWaterRoundCorners_3.asset using Guid(a985c9c12fb554dd29715935ecde2154) Importer(815301076,1909f56bfc062723c751e8b465ee728b)  -> (artifact id: '96c08a6161bc84ef8af635d8aff0c4dc') in 0.006121 seconds 
  Import took 0.008793 seconds .

========================================================================
Received Import Request.
  Time since last request: 0.000162 seconds.
  path: Assets/Art/Tiles/FloorGrassToBricksSquare_6.asset
  artifactKey: Guid(09f88c03837ee4b04b616b23a077930e) Importer(815301076,1909f56bfc062723c751e8b465ee728b)
Start importing Assets/Art/Tiles/FloorGrassToBricksSquare_6.asset using Guid(09f88c03837ee4b04b616b23a077930e) Importer(815301076,1909f56bfc062723c751e8b465ee728b)  -> (artifact id: 'db81325d7d9af58807024d5deb5b944e') in 0.006750 seconds 
  Import took 0.009589 seconds .

========================================================================
Received Import Request.
  Time since last request: 0.000143 seconds.
  path: Assets/Art/Tiles/FloorGrassToBricksCorner_0.asset
  artifactKey: Guid(49ed77517fd184fd3ae7156da34c856e) Importer(815301076,1909f56bfc062723c751e8b465ee728b)
Start importing Assets/Art/Tiles/FloorGrassToBricksCorner_0.asset using Guid(49ed77517fd184fd3ae7156da34c856e) Importer(815301076,1909f56bfc062723c751e8b465ee728b)  -> (artifact id: '98def53c8110364ebb69051684314cfa') in 0.006409 seconds 
  Import took 0.009600 seconds .

========================================================================
Received Import Request.
  Time since last request: 0.000153 seconds.
  path: Assets/Art/Sprites/VFX/ParticleSpriteAtlas.png
  artifactKey: Guid(bb5bb2f184426a64cac53faa220820f5) Importer(815301076,1909f56bfc062723c751e8b465ee728b)
Start importing Assets/Art/Sprites/VFX/ParticleSpriteAtlas.png using Guid(bb5bb2f184426a64cac53faa220820f5) Importer(815301076,1909f56bfc062723c751e8b465ee728b)  -> (artifact id: 'bac4c61640519f0c2496989391d2f36c') in 0.010056 seconds 
  Import took 0.012953 seconds .

========================================================================
Received Import Request.
  Time since last request: 0.000157 seconds.
  path: Assets/Art/Tiles/FloorWaterRoundCorners_8.asset
  artifactKey: Guid(62d2a6ddf28c843b2996ef4be00769ac) Importer(815301076,1909f56bfc062723c751e8b465ee728b)
Start importing Assets/Art/Tiles/FloorWaterRoundCorners_8.asset using Guid(62d2a6ddf28c843b2996ef4be00769ac) Importer(815301076,1909f56bfc062723c751e8b465ee728b)  -> (artifact id: 'dcf9e30092cf15de1baa772eaff674c2') in 0.006838 seconds 
  Import took 0.009340 seconds .

========================================================================
Received Import Request.
  Time since last request: 0.000140 seconds.
  path: Assets/Art/Tiles/FloorWaterSquareCorners_4.asset
  artifactKey: Guid(3440201c24b074ace91d6c7320017384) Importer(815301076,1909f56bfc062723c751e8b465ee728b)
Start importing Assets/Art/Tiles/FloorWaterSquareCorners_4.asset using Guid(3440201c24b074ace91d6c7320017384) Importer(815301076,1909f56bfc062723c751e8b465ee728b)  -> (artifact id: '84cfb81735ae88dccc5edfad9059befc') in 0.006079 seconds 
  Import took 0.009465 seconds .

========================================================================
Received Import Request.
  Time since last request: 0.000175 seconds.
  path: Assets/Art/Tiles/FloorGrassToBricksSquare_7.asset
  artifactKey: Guid(634dc5ac6544b418cb898922b2966209) Importer(815301076,1909f56bfc062723c751e8b465ee728b)
Start importing Assets/Art/Tiles/FloorGrassToBricksSquare_7.asset using Guid(634dc5ac6544b418cb898922b2966209) Importer(815301076,1909f56bfc062723c751e8b465ee728b)  -> (artifact id: '17dabdeb6c5ef75b1b83446dfb19ad76') in 0.007870 seconds 
  Import took 0.010415 seconds .

========================================================================
Received Import Request.
  Time since last request: 0.000140 seconds.
  path: Assets/Art/Tiles/FloorGrassToBricksSquare_3.asset
  artifactKey: Guid(85bd7debadf7042e3b1af92fc93815b6) Importer(815301076,1909f56bfc062723c751e8b465ee728b)
Start importing Assets/Art/Tiles/FloorGrassToBricksSquare_3.asset using Guid(85bd7debadf7042e3b1af92fc93815b6) Importer(815301076,1909f56bfc062723c751e8b465ee728b)  -> (artifact id: '15a660cf81569c58d5a5e4cff0d71700') in 0.007083 seconds 
  Import took 0.009858 seconds .

========================================================================
Received Import Request.
  Time since last request: 0.000148 seconds.
  path: Assets/Art/Tiles/Rectangular Palette.prefab
  artifactKey: Guid(e896e38b1e77445ed82232639b276b8f) Importer(815301076,1909f56bfc062723c751e8b465ee728b)
Start importing Assets/Art/Tiles/Rectangular Palette.prefab using Guid(e896e38b1e77445ed82232639b276b8f) Importer(815301076,1909f56bfc062723c751e8b465ee728b)  -> (artifact id: '5aad9621359549a37023e32d5ea7fe72') in 0.022198 seconds 
  Import took 0.025620 seconds .

========================================================================
Received Import Request.
  Time since last request: 0.000148 seconds.
  path: Assets/Art/Tiles/FloorBricksToGrassSquare_6.asset
  artifactKey: Guid(3565a3d5ef1f349e09b0cecb670c6bf7) Importer(815301076,1909f56bfc062723c751e8b465ee728b)
Start importing Assets/Art/Tiles/FloorBricksToGrassSquare_6.asset using Guid(3565a3d5ef1f349e09b0cecb670c6bf7) Importer(815301076,1909f56bfc062723c751e8b465ee728b)  -> (artifact id: '41be876edcda8f1d0c51c26debc4de9c') in 0.006304 seconds 
  Import took 0.009407 seconds .

========================================================================
Received Import Request.
  Time since last request: 0.000142 seconds.
  path: Assets/Art/Tiles/FloorGrassToBricksCorner_7.asset
  artifactKey: Guid(51162d2c9999c497b860d96372341db4) Importer(815301076,1909f56bfc062723c751e8b465ee728b)
Start importing Assets/Art/Tiles/FloorGrassToBricksCorner_7.asset using Guid(51162d2c9999c497b860d96372341db4) Importer(815301076,1909f56bfc062723c751e8b465ee728b)  -> (artifact id: 'afb1b9f9f2b0126bcfd917bb242cbbf3') in 0.006021 seconds 
  Import took 0.009108 seconds .

========================================================================
Received Import Request.
  Time since last request: 0.000170 seconds.
  path: Assets/Art/Tiles/FloorBricksToGrassSquare_2.asset
  artifactKey: Guid(1c4b9f05d08744894b9b29614764ac2e) Importer(815301076,1909f56bfc062723c751e8b465ee728b)
Start importing Assets/Art/Tiles/FloorBricksToGrassSquare_2.asset using Guid(1c4b9f05d08744894b9b29614764ac2e) Importer(815301076,1909f56bfc062723c751e8b465ee728b)  -> (artifact id: '0190a26ba4d7f4fbbbc91aba4ae6549c') in 0.008923 seconds 
  Import took 0.011624 seconds .

========================================================================
Received Import Request.
  Time since last request: 0.000145 seconds.
  path: Assets/Art/Tiles/FloorGrassToBricksSquare_5.asset
  artifactKey: Guid(27ad50e57802a44549c6f89abe0f502a) Importer(815301076,1909f56bfc062723c751e8b465ee728b)
Start importing Assets/Art/Tiles/FloorGrassToBricksSquare_5.asset using Guid(27ad50e57802a44549c6f89abe0f502a) Importer(815301076,1909f56bfc062723c751e8b465ee728b)  -> (artifact id: 'ea5b8a48f8a885bcd70e3d5fffdccf87') in 0.005877 seconds 
  Import took 0.009459 seconds .

========================================================================
Received Import Request.
  Time since last request: 0.000203 seconds.
  path: Assets/Art/Tiles/FloorWaterSquareCorners_8.asset
  artifactKey: Guid(017b75be842634181b25c7a7cda844a6) Importer(815301076,1909f56bfc062723c751e8b465ee728b)
Start importing Assets/Art/Tiles/FloorWaterSquareCorners_8.asset using Guid(017b75be842634181b25c7a7cda844a6) Importer(815301076,1909f56bfc062723c751e8b465ee728b)  -> (artifact id: 'd8a9e5c67b27f258c1a61b5d02166bee') in 0.007570 seconds 
  Import took 0.011933 seconds .

========================================================================
Received Import Request.
  Time since last request: 0.000241 seconds.
  path: Assets/Art/Tiles/FloorWaterRoundCorners_2.asset
  artifactKey: Guid(fed2316f0a8634e48877019e6a8a6ce7) Importer(815301076,1909f56bfc062723c751e8b465ee728b)
Start importing Assets/Art/Tiles/FloorWaterRoundCorners_2.asset using Guid(fed2316f0a8634e48877019e6a8a6ce7) Importer(815301076,1909f56bfc062723c751e8b465ee728b)  -> (artifact id: '9d85f6511b1c87f43652b4b209542d75') in 0.009242 seconds 
  Import took 0.013963 seconds .

========================================================================
Received Import Request.
  Time since last request: 0.000246 seconds.
  path: Assets/Art/Tiles/FloorGrassToBricksSquare_2.asset
  artifactKey: Guid(92e02700386af4ba8a8c4ff8cf258da9) Importer(815301076,1909f56bfc062723c751e8b465ee728b)
Start importing Assets/Art/Tiles/FloorGrassToBricksSquare_2.asset using Guid(92e02700386af4ba8a8c4ff8cf258da9) Importer(815301076,1909f56bfc062723c751e8b465ee728b)  -> (artifact id: 'b70f0c06fb3d6c35f7ef93435258544f') in 0.008837 seconds 
  Import took 0.012506 seconds .

